1773584873: mosquitto version 2.0.22 starting
1773584873: Config loaded from c:/Users/guilh/Desktop/vaccine-transport-iot/source/broker/mosquitto-tls.conf.
1773584873: Opening ipv6 listen socket on port 8883.
1773584873: Opening ipv4 listen socket on port 8883.
1773584873: mosquitto version 2.0.22 running
1773585005: New connection from 127.0.0.1:62677 on port 8883.
1773585005: OpenSSL Error[0]: error:0A000418:SSL routines::tlsv1 alert unknown ca
1773585005: Client <unknown> disconnected: protocol error.
1773585184: mosquitto version 2.0.22 starting
1773585184: Config loaded from c:/Users/guilh/Desktop/vaccine-transport-iot/source/broker/mosquitto-tls.conf.
1773585184: Opening ipv6 listen socket on port 8883.
1773585184: Opening ipv4 listen socket on port 8883.
1773585184: mosquitto version 2.0.22 running
1773585187: New connection from 127.0.0.1:52710 on port 8883.
1773585187: New client connected from 127.0.0.1:52710 as flask-subscriber (p2, c1, k60, u'flask-subscriber').
1773585187: No will message specified.
1773585187: Sending CONNACK to flask-subscriber (0, 0)
1773585187: Received SUBSCRIBE from flask-subscriber
1773585187: 	vaccines/readings (QoS 0)
1773585187: flask-subscriber 0 vaccines/readings
1773585187: Sending SUBACK to flask-subscriber
1773585187: Received SUBSCRIBE from flask-subscriber
1773585187: 	vaccines/heartbeat (QoS 0)
1773585187: flask-subscriber 0 vaccines/heartbeat
1773585187: Sending SUBACK to flask-subscriber
1773585248: Received PINGREQ from flask-subscriber
1773585248: Sending PINGRESP to flask-subscriber
1773585308: Received PINGREQ from flask-subscriber
1773585308: Sending PINGRESP to flask-subscriber
1773585368: Received PINGREQ from flask-subscriber
1773585368: Sending PINGRESP to flask-subscriber
1773585429: Received PINGREQ from flask-subscriber
1773585429: Sending PINGRESP to flask-subscriber
1773585489: Received PINGREQ from flask-subscriber
1773585489: Sending PINGRESP to flask-subscriber
1773585550: Received PINGREQ from flask-subscriber
1773585550: Sending PINGRESP to flask-subscriber
1773585610: Received PINGREQ from flask-subscriber
1773585610: Sending PINGRESP to flask-subscriber
1773585671: Received PINGREQ from flask-subscriber
1773585671: Sending PINGRESP to flask-subscriber
1773585731: Received PINGREQ from flask-subscriber
1773585731: Sending PINGRESP to flask-subscriber
1773585792: Received PINGREQ from flask-subscriber
1773585792: Sending PINGRESP to flask-subscriber
1773585838: Client flask-subscriber closed its connection.
1773585841: New connection from 127.0.0.1:60097 on port 8883.
1773585841: New client connected from 127.0.0.1:60097 as flask-subscriber (p2, c1, k60, u'flask-subscriber').
1773585841: No will message specified.
1773585841: Sending CONNACK to flask-subscriber (0, 0)
1773585841: Received SUBSCRIBE from flask-subscriber
1773585841: 	vaccines/readings (QoS 0)
1773585841: flask-subscriber 0 vaccines/readings
1773585841: Sending SUBACK to flask-subscriber
1773585841: Received SUBSCRIBE from flask-subscriber
1773585841: 	vaccines/heartbeat (QoS 0)
1773585841: flask-subscriber 0 vaccines/heartbeat
1773585841: Sending SUBACK to flask-subscriber
1773585901: Received PINGREQ from flask-subscriber
1773585901: Sending PINGRESP to flask-subscriber
1773585962: Received PINGREQ from flask-subscriber
1773585962: Sending PINGRESP to flask-subscriber
1773586022: Received PINGREQ from flask-subscriber
1773586022: Sending PINGRESP to flask-subscriber
1773586083: Received PINGREQ from flask-subscriber
1773586083: Sending PINGRESP to flask-subscriber
1773586143: Received PINGREQ from flask-subscriber
1773586143: Sending PINGRESP to flask-subscriber
1773586204: Received PINGREQ from flask-subscriber
1773586204: Sending PINGRESP to flask-subscriber
1773586264: Received PINGREQ from flask-subscriber
1773586264: Sending PINGRESP to flask-subscriber
1773586324: Received PINGREQ from flask-subscriber
1773586324: Sending PINGRESP to flask-subscriber
1773586385: Received PINGREQ from flask-subscriber
1773586385: Sending PINGRESP to flask-subscriber
1773586402: Client flask-subscriber closed its connection.
1773586404: New connection from 127.0.0.1:65047 on port 8883.
1773586404: New client connected from 127.0.0.1:65047 as flask-subscriber (p2, c1, k60, u'flask-subscriber').
1773586404: No will message specified.
1773586404: Sending CONNACK to flask-subscriber (0, 0)
1773586404: Received SUBSCRIBE from flask-subscriber
1773586404: 	vaccines/readings (QoS 0)
1773586404: flask-subscriber 0 vaccines/readings
1773586404: Sending SUBACK to flask-subscriber
1773586404: Received SUBSCRIBE from flask-subscriber
1773586404: 	vaccines/heartbeat (QoS 0)
1773586404: flask-subscriber 0 vaccines/heartbeat
1773586404: Sending SUBACK to flask-subscriber
1773586465: Received PINGREQ from flask-subscriber
1773586465: Sending PINGRESP to flask-subscriber
1773586525: Received PINGREQ from flask-subscriber
1773586525: Sending PINGRESP to flask-subscriber
1773586586: Received PINGREQ from flask-subscriber
1773586586: Sending PINGRESP to flask-subscriber
1773586646: Received PINGREQ from flask-subscriber
1773586646: Sending PINGRESP to flask-subscriber
1773586706: Received PINGREQ from flask-subscriber
1773586706: Sending PINGRESP to flask-subscriber
1773586767: Received PINGREQ from flask-subscriber
1773586767: Sending PINGRESP to flask-subscriber
1773586827: Received PINGREQ from flask-subscriber
1773586827: Sending PINGRESP to flask-subscriber
1773586887: Received PINGREQ from flask-subscriber
1773586887: Sending PINGRESP to flask-subscriber
1773586948: Received PINGREQ from flask-subscriber
1773586948: Sending PINGRESP to flask-subscriber
1773587008: Received PINGREQ from flask-subscriber
1773587008: Sending PINGRESP to flask-subscriber
1773587068: Received PINGREQ from flask-subscriber
1773587068: Sending PINGRESP to flask-subscriber
1773587129: Received PINGREQ from flask-subscriber
1773587129: Sending PINGRESP to flask-subscriber
1773587189: Received PINGREQ from flask-subscriber
1773587189: Sending PINGRESP to flask-subscriber
1773587250: Received PINGREQ from flask-subscriber
1773587250: Sending PINGRESP to flask-subscriber
1773587310: Received PINGREQ from flask-subscriber
1773587310: Sending PINGRESP to flask-subscriber
1773587370: Received PINGREQ from flask-subscriber
1773587370: Sending PINGRESP to flask-subscriber
1773587431: Received PINGREQ from flask-subscriber
1773587431: Sending PINGRESP to flask-subscriber
1773587491: Received PINGREQ from flask-subscriber
1773587491: Sending PINGRESP to flask-subscriber
1773587551: Received PINGREQ from flask-subscriber
1773587551: Sending PINGRESP to flask-subscriber
1773587612: Received PINGREQ from flask-subscriber
1773587612: Sending PINGRESP to flask-subscriber
1773587672: Received PINGREQ from flask-subscriber
1773587672: Sending PINGRESP to flask-subscriber
1773587732: Received PINGREQ from flask-subscriber
1773587732: Sending PINGRESP to flask-subscriber
1773587793: Received PINGREQ from flask-subscriber
1773587793: Sending PINGRESP to flask-subscriber
1773587853: Received PINGREQ from flask-subscriber
1773587853: Sending PINGRESP to flask-subscriber
1773587913: Received PINGREQ from flask-subscriber
1773587913: Sending PINGRESP to flask-subscriber
1773587974: Received PINGREQ from flask-subscriber
1773587974: Sending PINGRESP to flask-subscriber
1773588034: Received PINGREQ from flask-subscriber
1773588034: Sending PINGRESP to flask-subscriber
1773588095: Received PINGREQ from flask-subscriber
1773588095: Sending PINGRESP to flask-subscriber
1773588155: Received PINGREQ from flask-subscriber
1773588155: Sending PINGRESP to flask-subscriber
1773588215: Received PINGREQ from flask-subscriber
1773588215: Sending PINGRESP to flask-subscriber
1773588276: Received PINGREQ from flask-subscriber
1773588276: Sending PINGRESP to flask-subscriber
1773588336: Received PINGREQ from flask-subscriber
1773588336: Sending PINGRESP to flask-subscriber
1773588396: Received PINGREQ from flask-subscriber
1773588396: Sending PINGRESP to flask-subscriber
1773588457: Received PINGREQ from flask-subscriber
1773588457: Sending PINGRESP to flask-subscriber
1773588517: Received PINGREQ from flask-subscriber
1773588517: Sending PINGRESP to flask-subscriber
1773588577: Received PINGREQ from flask-subscriber
1773588577: Sending PINGRESP to flask-subscriber
1773588638: Received PINGREQ from flask-subscriber
1773588638: Sending PINGRESP to flask-subscriber
1773588698: Received PINGREQ from flask-subscriber
1773588698: Sending PINGRESP to flask-subscriber
1773588759: Received PINGREQ from flask-subscriber
1773588759: Sending PINGRESP to flask-subscriber
1773588819: Received PINGREQ from flask-subscriber
1773588819: Sending PINGRESP to flask-subscriber
1773588879: Received PINGREQ from flask-subscriber
1773588879: Sending PINGRESP to flask-subscriber
1773588940: Received PINGREQ from flask-subscriber
1773588940: Sending PINGRESP to flask-subscriber
1773589000: Received PINGREQ from flask-subscriber
1773589000: Sending PINGRESP to flask-subscriber
1773589061: Received PINGREQ from flask-subscriber
1773589061: Sending PINGRESP to flask-subscriber
1773589121: Received PINGREQ from flask-subscriber
1773589121: Sending PINGRESP to flask-subscriber
1773589181: Received PINGREQ from flask-subscriber
1773589181: Sending PINGRESP to flask-subscriber
1773589242: Received PINGREQ from flask-subscriber
1773589242: Sending PINGRESP to flask-subscriber
1773589302: Received PINGREQ from flask-subscriber
1773589302: Sending PINGRESP to flask-subscriber
1773589362: Received PINGREQ from flask-subscriber
1773589362: Sending PINGRESP to flask-subscriber
1773589423: Received PINGREQ from flask-subscriber
1773589423: Sending PINGRESP to flask-subscriber
1773589483: Received PINGREQ from flask-subscriber
1773589483: Sending PINGRESP to flask-subscriber
1773589543: Received PINGREQ from flask-subscriber
1773589543: Sending PINGRESP to flask-subscriber
1773589604: Received PINGREQ from flask-subscriber
1773589604: Sending PINGRESP to flask-subscriber
1773589664: Received PINGREQ from flask-subscriber
1773589664: Sending PINGRESP to flask-subscriber
1773589724: Received PINGREQ from flask-subscriber
1773589724: Sending PINGRESP to flask-subscriber
1773589785: Received PINGREQ from flask-subscriber
1773589785: Sending PINGRESP to flask-subscriber
1773589845: Received PINGREQ from flask-subscriber
1773589845: Sending PINGRESP to flask-subscriber
1773589905: Received PINGREQ from flask-subscriber
1773589905: Sending PINGRESP to flask-subscriber
1773589966: Received PINGREQ from flask-subscriber
1773589966: Sending PINGRESP to flask-subscriber
1773590026: Received PINGREQ from flask-subscriber
1773590026: Sending PINGRESP to flask-subscriber
1773590086: Received PINGREQ from flask-subscriber
1773590086: Sending PINGRESP to flask-subscriber
1773590147: Received PINGREQ from flask-subscriber
1773590147: Sending PINGRESP to flask-subscriber
1773590207: Received PINGREQ from flask-subscriber
1773590207: Sending PINGRESP to flask-subscriber
1773590267: Received PINGREQ from flask-subscriber
1773590267: Sending PINGRESP to flask-subscriber
1773590328: Received PINGREQ from flask-subscriber
1773590328: Sending PINGRESP to flask-subscriber
1773590388: Received PINGREQ from flask-subscriber
1773590388: Sending PINGRESP to flask-subscriber
1773590449: Received PINGREQ from flask-subscriber
1773590449: Sending PINGRESP to flask-subscriber
1773590509: Received PINGREQ from flask-subscriber
1773590509: Sending PINGRESP to flask-subscriber
1773590569: Received PINGREQ from flask-subscriber
1773590569: Sending PINGRESP to flask-subscriber
1773590629: Received PINGREQ from flask-subscriber
1773590629: Sending PINGRESP to flask-subscriber
1773590690: Received PINGREQ from flask-subscriber
1773590690: Sending PINGRESP to flask-subscriber
1773590750: Received PINGREQ from flask-subscriber
1773590750: Sending PINGRESP to flask-subscriber
1773590811: Received PINGREQ from flask-subscriber
1773590811: Sending PINGRESP to flask-subscriber
1773590871: Received PINGREQ from flask-subscriber
1773590871: Sending PINGRESP to flask-subscriber
1773590931: Received PINGREQ from flask-subscriber
1773590931: Sending PINGRESP to flask-subscriber
1773590992: Received PINGREQ from flask-subscriber
1773590992: Sending PINGRESP to flask-subscriber
1773591052: Received PINGREQ from flask-subscriber
1773591052: Sending PINGRESP to flask-subscriber
1773591112: Received PINGREQ from flask-subscriber
1773591112: Sending PINGRESP to flask-subscriber
1773591173: Received PINGREQ from flask-subscriber
1773591173: Sending PINGRESP to flask-subscriber
1773591233: Received PINGREQ from flask-subscriber
1773591233: Sending PINGRESP to flask-subscriber
1773591293: Received PINGREQ from flask-subscriber
1773591293: Sending PINGRESP to flask-subscriber
1773591354: Received PINGREQ from flask-subscriber
1773591354: Sending PINGRESP to flask-subscriber
1773591414: Received PINGREQ from flask-subscriber
1773591414: Sending PINGRESP to flask-subscriber
1773591474: Received PINGREQ from flask-subscriber
1773591474: Sending PINGRESP to flask-subscriber
1773591535: Received PINGREQ from flask-subscriber
1773591535: Sending PINGRESP to flask-subscriber
1773591595: Received PINGREQ from flask-subscriber
1773591595: Sending PINGRESP to flask-subscriber
1773591655: Received PINGREQ from flask-subscriber
1773591655: Sending PINGRESP to flask-subscriber
1773591716: Received PINGREQ from flask-subscriber
1773591716: Sending PINGRESP to flask-subscriber
1773591776: Received PINGREQ from flask-subscriber
1773591776: Sending PINGRESP to flask-subscriber
1773591837: Received PINGREQ from flask-subscriber
1773591837: Sending PINGRESP to flask-subscriber
1773591897: Received PINGREQ from flask-subscriber
1773591897: Sending PINGRESP to flask-subscriber
1773591957: Received PINGREQ from flask-subscriber
1773591957: Sending PINGRESP to flask-subscriber
1773592018: Received PINGREQ from flask-subscriber
1773592018: Sending PINGRESP to flask-subscriber
1773592078: Received PINGREQ from flask-subscriber
1773592078: Sending PINGRESP to flask-subscriber
1773592138: Received PINGREQ from flask-subscriber
1773592138: Sending PINGRESP to flask-subscriber
1773592199: Received PINGREQ from flask-subscriber
1773592199: Sending PINGRESP to flask-subscriber
1773592259: Received PINGREQ from flask-subscriber
1773592259: Sending PINGRESP to flask-subscriber
1773592319: Received PINGREQ from flask-subscriber
1773592319: Sending PINGRESP to flask-subscriber
1773592380: Received PINGREQ from flask-subscriber
1773592380: Sending PINGRESP to flask-subscriber
1773592440: Received PINGREQ from flask-subscriber
1773592440: Sending PINGRESP to flask-subscriber
1773592500: Received PINGREQ from flask-subscriber
1773592500: Sending PINGRESP to flask-subscriber
1773592561: Received PINGREQ from flask-subscriber
1773592561: Sending PINGRESP to flask-subscriber
1773592621: Received PINGREQ from flask-subscriber
1773592621: Sending PINGRESP to flask-subscriber
1773592681: Received PINGREQ from flask-subscriber
1773592681: Sending PINGRESP to flask-subscriber
1773592742: Received PINGREQ from flask-subscriber
1773592742: Sending PINGRESP to flask-subscriber
1773592802: Received PINGREQ from flask-subscriber
1773592802: Sending PINGRESP to flask-subscriber
1773592862: Received PINGREQ from flask-subscriber
1773592862: Sending PINGRESP to flask-subscriber
1773592923: Received PINGREQ from flask-subscriber
1773592923: Sending PINGRESP to flask-subscriber
1773592983: Received PINGREQ from flask-subscriber
1773592983: Sending PINGRESP to flask-subscriber
1773593044: Received PINGREQ from flask-subscriber
1773593044: Sending PINGRESP to flask-subscriber
1773593104: Received PINGREQ from flask-subscriber
1773593104: Sending PINGRESP to flask-subscriber
1773593164: Received PINGREQ from flask-subscriber
1773593164: Sending PINGRESP to flask-subscriber
1773593225: Received PINGREQ from flask-subscriber
1773593225: Sending PINGRESP to flask-subscriber
1773593285: Received PINGREQ from flask-subscriber
1773593285: Sending PINGRESP to flask-subscriber
1773593345: Received PINGREQ from flask-subscriber
1773593345: Sending PINGRESP to flask-subscriber
1773593406: Received PINGREQ from flask-subscriber
1773593406: Sending PINGRESP to flask-subscriber
1773593466: Received PINGREQ from flask-subscriber
1773593466: Sending PINGRESP to flask-subscriber
1773593526: Received PINGREQ from flask-subscriber
1773593526: Sending PINGRESP to flask-subscriber
1773593587: Received PINGREQ from flask-subscriber
1773593587: Sending PINGRESP to flask-subscriber
1773593647: Received PINGREQ from flask-subscriber
1773593647: Sending PINGRESP to flask-subscriber
1773593708: Received PINGREQ from flask-subscriber
1773593708: Sending PINGRESP to flask-subscriber
1773593768: Received PINGREQ from flask-subscriber
1773593768: Sending PINGRESP to flask-subscriber
1773593828: Received PINGREQ from flask-subscriber
1773593828: Sending PINGRESP to flask-subscriber
1773593889: Received PINGREQ from flask-subscriber
1773593889: Sending PINGRESP to flask-subscriber
1773593949: Received PINGREQ from flask-subscriber
1773593949: Sending PINGRESP to flask-subscriber
1773594009: Received PINGREQ from flask-subscriber
1773594009: Sending PINGRESP to flask-subscriber
1773594070: Received PINGREQ from flask-subscriber
1773594070: Sending PINGRESP to flask-subscriber
1773594130: Received PINGREQ from flask-subscriber
1773594130: Sending PINGRESP to flask-subscriber
1773594190: Received PINGREQ from flask-subscriber
1773594190: Sending PINGRESP to flask-subscriber
1773594251: Received PINGREQ from flask-subscriber
1773594251: Sending PINGRESP to flask-subscriber
1773594311: Received PINGREQ from flask-subscriber
1773594311: Sending PINGRESP to flask-subscriber
1773594371: Received PINGREQ from flask-subscriber
1773594371: Sending PINGRESP to flask-subscriber
1773594432: Received PINGREQ from flask-subscriber
1773594432: Sending PINGRESP to flask-subscriber
1773594492: Received PINGREQ from flask-subscriber
1773594492: Sending PINGRESP to flask-subscriber
1773594552: Received PINGREQ from flask-subscriber
1773594552: Sending PINGRESP to flask-subscriber
1773594613: Received PINGREQ from flask-subscriber
1773594613: Sending PINGRESP to flask-subscriber
1773594673: Received PINGREQ from flask-subscriber
1773594673: Sending PINGRESP to flask-subscriber
1773594733: Received PINGREQ from flask-subscriber
1773594733: Sending PINGRESP to flask-subscriber
1773594794: Received PINGREQ from flask-subscriber
1773594794: Sending PINGRESP to flask-subscriber
1773594854: Received PINGREQ from flask-subscriber
1773594854: Sending PINGRESP to flask-subscriber
1773594914: Received PINGREQ from flask-subscriber
1773594914: Sending PINGRESP to flask-subscriber
1773594975: Received PINGREQ from flask-subscriber
1773594975: Sending PINGRESP to flask-subscriber
1773595035: Received PINGREQ from flask-subscriber
1773595035: Sending PINGRESP to flask-subscriber
1773595095: Received PINGREQ from flask-subscriber
1773595095: Sending PINGRESP to flask-subscriber
1773595156: Received PINGREQ from flask-subscriber
1773595156: Sending PINGRESP to flask-subscriber
1773595216: Received PINGREQ from flask-subscriber
1773595216: Sending PINGRESP to flask-subscriber
1773595276: Received PINGREQ from flask-subscriber
1773595276: Sending PINGRESP to flask-subscriber
1773595337: Received PINGREQ from flask-subscriber
1773595337: Sending PINGRESP to flask-subscriber
1773595397: Received PINGREQ from flask-subscriber
1773595397: Sending PINGRESP to flask-subscriber
1773595457: Received PINGREQ from flask-subscriber
1773595457: Sending PINGRESP to flask-subscriber
1773595518: Received PINGREQ from flask-subscriber
1773595518: Sending PINGRESP to flask-subscriber
1773595578: Received PINGREQ from flask-subscriber
1773595578: Sending PINGRESP to flask-subscriber
1773595638: Received PINGREQ from flask-subscriber
1773595638: Sending PINGRESP to flask-subscriber
1773595699: Received PINGREQ from flask-subscriber
1773595699: Sending PINGRESP to flask-subscriber
1773595759: Received PINGREQ from flask-subscriber
1773595759: Sending PINGRESP to flask-subscriber
1773595820: Received PINGREQ from flask-subscriber
1773595820: Sending PINGRESP to flask-subscriber
1773595880: Received PINGREQ from flask-subscriber
1773595880: Sending PINGRESP to flask-subscriber
1773595940: Received PINGREQ from flask-subscriber
1773595940: Sending PINGRESP to flask-subscriber
1773596001: Received PINGREQ from flask-subscriber
1773596001: Sending PINGRESP to flask-subscriber
1773596061: Received PINGREQ from flask-subscriber
1773596061: Sending PINGRESP to flask-subscriber
1773596121: Received PINGREQ from flask-subscriber
1773596121: Sending PINGRESP to flask-subscriber
1773596182: Received PINGREQ from flask-subscriber
1773596182: Sending PINGRESP to flask-subscriber
1773596242: Received PINGREQ from flask-subscriber
1773596242: Sending PINGRESP to flask-subscriber
1773596303: Received PINGREQ from flask-subscriber
1773596303: Sending PINGRESP to flask-subscriber
1773596363: Received PINGREQ from flask-subscriber
1773596363: Sending PINGRESP to flask-subscriber
1773596423: Received PINGREQ from flask-subscriber
1773596423: Sending PINGRESP to flask-subscriber
1773596484: Received PINGREQ from flask-subscriber
1773596484: Sending PINGRESP to flask-subscriber
1773596544: Received PINGREQ from flask-subscriber
1773596544: Sending PINGRESP to flask-subscriber
1773596604: Received PINGREQ from flask-subscriber
1773596604: Sending PINGRESP to flask-subscriber
1773596665: Received PINGREQ from flask-subscriber
1773596665: Sending PINGRESP to flask-subscriber
1773596725: Received PINGREQ from flask-subscriber
1773596725: Sending PINGRESP to flask-subscriber
1773596785: Received PINGREQ from flask-subscriber
1773596785: Sending PINGRESP to flask-subscriber
1773596846: Received PINGREQ from flask-subscriber
1773596846: Sending PINGRESP to flask-subscriber
1773596906: Received PINGREQ from flask-subscriber
1773596906: Sending PINGRESP to flask-subscriber
1773596966: Received PINGREQ from flask-subscriber
1773596966: Sending PINGRESP to flask-subscriber
1773597027: Received PINGREQ from flask-subscriber
1773597027: Sending PINGRESP to flask-subscriber
1773597087: Received PINGREQ from flask-subscriber
1773597087: Sending PINGRESP to flask-subscriber
1773597147: Received PINGREQ from flask-subscriber
1773597147: Sending PINGRESP to flask-subscriber
1773597208: Received PINGREQ from flask-subscriber
1773597208: Sending PINGRESP to flask-subscriber
1773597268: Received PINGREQ from flask-subscriber
1773597268: Sending PINGRESP to flask-subscriber
1773597328: Received PINGREQ from flask-subscriber
1773597328: Sending PINGRESP to flask-subscriber
1773597389: Received PINGREQ from flask-subscriber
1773597389: Sending PINGRESP to flask-subscriber
1773597449: Received PINGREQ from flask-subscriber
1773597449: Sending PINGRESP to flask-subscriber
1773597509: Received PINGREQ from flask-subscriber
1773597509: Sending PINGRESP to flask-subscriber
1773597570: Received PINGREQ from flask-subscriber
1773597570: Sending PINGRESP to flask-subscriber
1773597630: Received PINGREQ from flask-subscriber
1773597630: Sending PINGRESP to flask-subscriber
1773597690: Received PINGREQ from flask-subscriber
1773597690: Sending PINGRESP to flask-subscriber
1773597751: Received PINGREQ from flask-subscriber
1773597751: Sending PINGRESP to flask-subscriber
1773597811: Received PINGREQ from flask-subscriber
1773597811: Sending PINGRESP to flask-subscriber
1773597871: Received PINGREQ from flask-subscriber
1773597871: Sending PINGRESP to flask-subscriber
1773597932: Received PINGREQ from flask-subscriber
1773597932: Sending PINGRESP to flask-subscriber
1773597992: Received PINGREQ from flask-subscriber
1773597992: Sending PINGRESP to flask-subscriber
1773598053: Received PINGREQ from flask-subscriber
1773598053: Sending PINGRESP to flask-subscriber
1773598113: Received PINGREQ from flask-subscriber
1773598113: Sending PINGRESP to flask-subscriber
1773598173: Received PINGREQ from flask-subscriber
1773598173: Sending PINGRESP to flask-subscriber
1773598233: Received PINGREQ from flask-subscriber
1773598233: Sending PINGRESP to flask-subscriber
1773598294: Received PINGREQ from flask-subscriber
1773598294: Sending PINGRESP to flask-subscriber
1773598354: Received PINGREQ from flask-subscriber
1773598354: Sending PINGRESP to flask-subscriber
1773598414: Received PINGREQ from flask-subscriber
1773598414: Sending PINGRESP to flask-subscriber
1773598475: Received PINGREQ from flask-subscriber
1773598475: Sending PINGRESP to flask-subscriber
1773598535: Received PINGREQ from flask-subscriber
1773598535: Sending PINGRESP to flask-subscriber
1773598596: Received PINGREQ from flask-subscriber
1773598596: Sending PINGRESP to flask-subscriber
1773598656: Received PINGREQ from flask-subscriber
1773598656: Sending PINGRESP to flask-subscriber
1773598716: Received PINGREQ from flask-subscriber
1773598716: Sending PINGRESP to flask-subscriber
1773598777: Received PINGREQ from flask-subscriber
1773598777: Sending PINGRESP to flask-subscriber
1773598837: Received PINGREQ from flask-subscriber
1773598837: Sending PINGRESP to flask-subscriber
1773598897: Received PINGREQ from flask-subscriber
1773598897: Sending PINGRESP to flask-subscriber
1773598958: Received PINGREQ from flask-subscriber
1773598958: Sending PINGRESP to flask-subscriber
1773599018: Received PINGREQ from flask-subscriber
1773599018: Sending PINGRESP to flask-subscriber
1773599078: Received PINGREQ from flask-subscriber
1773599078: Sending PINGRESP to flask-subscriber
1773599139: Received PINGREQ from flask-subscriber
1773599139: Sending PINGRESP to flask-subscriber
1773599199: Received PINGREQ from flask-subscriber
1773599199: Sending PINGRESP to flask-subscriber
1773599259: Received PINGREQ from flask-subscriber
1773599259: Sending PINGRESP to flask-subscriber
1773599320: Received PINGREQ from flask-subscriber
1773599320: Sending PINGRESP to flask-subscriber
1773599380: Received PINGREQ from flask-subscriber
1773599380: Sending PINGRESP to flask-subscriber
1773599440: Received PINGREQ from flask-subscriber
1773599440: Sending PINGRESP to flask-subscriber
1773599501: Received PINGREQ from flask-subscriber
1773599501: Sending PINGRESP to flask-subscriber
1773599561: Received PINGREQ from flask-subscriber
1773599561: Sending PINGRESP to flask-subscriber
1773599621: Received PINGREQ from flask-subscriber
1773599621: Sending PINGRESP to flask-subscriber
1773599682: Received PINGREQ from flask-subscriber
1773599682: Sending PINGRESP to flask-subscriber
1773599742: Received PINGREQ from flask-subscriber
1773599742: Sending PINGRESP to flask-subscriber
1773599803: Received PINGREQ from flask-subscriber
1773599803: Sending PINGRESP to flask-subscriber
1773599863: Received PINGREQ from flask-subscriber
1773599863: Sending PINGRESP to flask-subscriber
1773599923: Received PINGREQ from flask-subscriber
1773599923: Sending PINGRESP to flask-subscriber
1773599984: Received PINGREQ from flask-subscriber
1773599984: Sending PINGRESP to flask-subscriber
1773600044: Received PINGREQ from flask-subscriber
1773600044: Sending PINGRESP to flask-subscriber
1773600104: Received PINGREQ from flask-subscriber
1773600104: Sending PINGRESP to flask-subscriber
1773600165: Received PINGREQ from flask-subscriber
1773600165: Sending PINGRESP to flask-subscriber
1773600225: Received PINGREQ from flask-subscriber
1773600225: Sending PINGRESP to flask-subscriber
1773600285: Received PINGREQ from flask-subscriber
1773600285: Sending PINGRESP to flask-subscriber
1773600346: Received PINGREQ from flask-subscriber
1773600346: Sending PINGRESP to flask-subscriber
1773600406: Received PINGREQ from flask-subscriber
1773600406: Sending PINGRESP to flask-subscriber
1773600466: Received PINGREQ from flask-subscriber
1773600466: Sending PINGRESP to flask-subscriber
1773600527: Received PINGREQ from flask-subscriber
1773600527: Sending PINGRESP to flask-subscriber
1773600587: Received PINGREQ from flask-subscriber
1773600587: Sending PINGRESP to flask-subscriber
1773600647: Received PINGREQ from flask-subscriber
1773600647: Sending PINGRESP to flask-subscriber
1773600708: Received PINGREQ from flask-subscriber
1773600708: Sending PINGRESP to flask-subscriber
1773600768: Received PINGREQ from flask-subscriber
1773600768: Sending PINGRESP to flask-subscriber
1773600828: Received PINGREQ from flask-subscriber
1773600828: Sending PINGRESP to flask-subscriber
1773600889: Received PINGREQ from flask-subscriber
1773600889: Sending PINGRESP to flask-subscriber
1773600949: Received PINGREQ from flask-subscriber
1773600949: Sending PINGRESP to flask-subscriber
1773601009: Received PINGREQ from flask-subscriber
1773601009: Sending PINGRESP to flask-subscriber
1773601070: Received PINGREQ from flask-subscriber
1773601070: Sending PINGRESP to flask-subscriber
1773601130: Received PINGREQ from flask-subscriber
1773601130: Sending PINGRESP to flask-subscriber
1773601190: Received PINGREQ from flask-subscriber
1773601190: Sending PINGRESP to flask-subscriber
1773601251: Received PINGREQ from flask-subscriber
1773601251: Sending PINGRESP to flask-subscriber
1773601311: Received PINGREQ from flask-subscriber
1773601311: Sending PINGRESP to flask-subscriber
1773601372: Received PINGREQ from flask-subscriber
1773601372: Sending PINGRESP to flask-subscriber
1773601432: Received PINGREQ from flask-subscriber
1773601432: Sending PINGRESP to flask-subscriber
1773601492: Received PINGREQ from flask-subscriber
1773601492: Sending PINGRESP to flask-subscriber
1773601553: Received PINGREQ from flask-subscriber
1773601553: Sending PINGRESP to flask-subscriber
1773601613: Received PINGREQ from flask-subscriber
1773601613: Sending PINGRESP to flask-subscriber
1773601673: Received PINGREQ from flask-subscriber
1773601673: Sending PINGRESP to flask-subscriber
1773601734: Received PINGREQ from flask-subscriber
1773601734: Sending PINGRESP to flask-subscriber
1773601794: Received PINGREQ from flask-subscriber
1773601794: Sending PINGRESP to flask-subscriber
1773601854: Received PINGREQ from flask-subscriber
1773601854: Sending PINGRESP to flask-subscriber
1773601915: Received PINGREQ from flask-subscriber
1773601915: Sending PINGRESP to flask-subscriber
1773601975: Received PINGREQ from flask-subscriber
1773601975: Sending PINGRESP to flask-subscriber
1773602035: Received PINGREQ from flask-subscriber
1773602035: Sending PINGRESP to flask-subscriber
1773602096: Received PINGREQ from flask-subscriber
1773602096: Sending PINGRESP to flask-subscriber
1773602156: Received PINGREQ from flask-subscriber
1773602156: Sending PINGRESP to flask-subscriber
1773602216: Received PINGREQ from flask-subscriber
1773602216: Sending PINGRESP to flask-subscriber
1773602277: Received PINGREQ from flask-subscriber
1773602277: Sending PINGRESP to flask-subscriber
1773602337: Received PINGREQ from flask-subscriber
1773602337: Sending PINGRESP to flask-subscriber
1773602398: Received PINGREQ from flask-subscriber
1773602398: Sending PINGRESP to flask-subscriber
1773602458: Received PINGREQ from flask-subscriber
1773602458: Sending PINGRESP to flask-subscriber
1773602518: Received PINGREQ from flask-subscriber
1773602518: Sending PINGRESP to flask-subscriber
1773602579: Received PINGREQ from flask-subscriber
1773602579: Sending PINGRESP to flask-subscriber
1773602639: Received PINGREQ from flask-subscriber
1773602639: Sending PINGRESP to flask-subscriber
1773602700: Received PINGREQ from flask-subscriber
1773602700: Sending PINGRESP to flask-subscriber
1773602760: Received PINGREQ from flask-subscriber
1773602760: Sending PINGRESP to flask-subscriber
1773602820: Received PINGREQ from flask-subscriber
1773602820: Sending PINGRESP to flask-subscriber
1773602881: Received PINGREQ from flask-subscriber
1773602881: Sending PINGRESP to flask-subscriber
1773602941: Received PINGREQ from flask-subscriber
1773602941: Sending PINGRESP to flask-subscriber
1773603001: Received PINGREQ from flask-subscriber
1773603001: Sending PINGRESP to flask-subscriber
1773603062: Received PINGREQ from flask-subscriber
1773603062: Sending PINGRESP to flask-subscriber
1773603122: Received PINGREQ from flask-subscriber
1773603122: Sending PINGRESP to flask-subscriber
1773603182: Received PINGREQ from flask-subscriber
1773603182: Sending PINGRESP to flask-subscriber
1773603243: Received PINGREQ from flask-subscriber
1773603243: Sending PINGRESP to flask-subscriber
1773603303: Received PINGREQ from flask-subscriber
1773603303: Sending PINGRESP to flask-subscriber
1773603363: Received PINGREQ from flask-subscriber
1773603363: Sending PINGRESP to flask-subscriber
1773603424: Received PINGREQ from flask-subscriber
1773603424: Sending PINGRESP to flask-subscriber
1773603484: Received PINGREQ from flask-subscriber
1773603484: Sending PINGRESP to flask-subscriber
1773603544: Received PINGREQ from flask-subscriber
1773603544: Sending PINGRESP to flask-subscriber
1773603605: Received PINGREQ from flask-subscriber
1773603605: Sending PINGRESP to flask-subscriber
1773603665: Received PINGREQ from flask-subscriber
1773603665: Sending PINGRESP to flask-subscriber
1773603725: Received PINGREQ from flask-subscriber
1773603725: Sending PINGRESP to flask-subscriber
1773603786: Received PINGREQ from flask-subscriber
1773603786: Sending PINGRESP to flask-subscriber
1773603846: Received PINGREQ from flask-subscriber
1773603846: Sending PINGRESP to flask-subscriber
1773603907: Received PINGREQ from flask-subscriber
1773603907: Sending PINGRESP to flask-subscriber
1773603967: Received PINGREQ from flask-subscriber
1773603967: Sending PINGRESP to flask-subscriber
1773604027: Received PINGREQ from flask-subscriber
1773604027: Sending PINGRESP to flask-subscriber
1773604088: Received PINGREQ from flask-subscriber
1773604088: Sending PINGRESP to flask-subscriber
1773604148: Received PINGREQ from flask-subscriber
1773604148: Sending PINGRESP to flask-subscriber
1773604208: Received PINGREQ from flask-subscriber
1773604208: Sending PINGRESP to flask-subscriber
1773604269: Received PINGREQ from flask-subscriber
1773604269: Sending PINGRESP to flask-subscriber
1773604329: Received PINGREQ from flask-subscriber
1773604329: Sending PINGRESP to flask-subscriber
1773604389: Received PINGREQ from flask-subscriber
1773604389: Sending PINGRESP to flask-subscriber
1773604450: Received PINGREQ from flask-subscriber
1773604450: Sending PINGRESP to flask-subscriber
1773604510: Received PINGREQ from flask-subscriber
1773604510: Sending PINGRESP to flask-subscriber
1773604570: Received PINGREQ from flask-subscriber
1773604570: Sending PINGRESP to flask-subscriber
1773604631: Received PINGREQ from flask-subscriber
1773604631: Sending PINGRESP to flask-subscriber
1773604691: Received PINGREQ from flask-subscriber
1773604691: Sending PINGRESP to flask-subscriber
1773604752: Received PINGREQ from flask-subscriber
1773604752: Sending PINGRESP to flask-subscriber
1773604812: Received PINGREQ from flask-subscriber
1773604812: Sending PINGRESP to flask-subscriber
1773604872: Received PINGREQ from flask-subscriber
1773604872: Sending PINGRESP to flask-subscriber
1773604933: Received PINGREQ from flask-subscriber
1773604933: Sending PINGRESP to flask-subscriber
1773604993: Received PINGREQ from flask-subscriber
1773604993: Sending PINGRESP to flask-subscriber
1773605053: Received PINGREQ from flask-subscriber
1773605053: Sending PINGRESP to flask-subscriber
1773605114: Received PINGREQ from flask-subscriber
1773605114: Sending PINGRESP to flask-subscriber
1773605174: Received PINGREQ from flask-subscriber
1773605174: Sending PINGRESP to flask-subscriber
1773605235: Received PINGREQ from flask-subscriber
1773605235: Sending PINGRESP to flask-subscriber
1773605295: Received PINGREQ from flask-subscriber
1773605295: Sending PINGRESP to flask-subscriber
1773605355: Received PINGREQ from flask-subscriber
1773605355: Sending PINGRESP to flask-subscriber
1773605416: Received PINGREQ from flask-subscriber
1773605416: Sending PINGRESP to flask-subscriber
1773605476: Received PINGREQ from flask-subscriber
1773605476: Sending PINGRESP to flask-subscriber
1773605536: Received PINGREQ from flask-subscriber
1773605536: Sending PINGRESP to flask-subscriber
1773605597: Received PINGREQ from flask-subscriber
1773605597: Sending PINGRESP to flask-subscriber
1773605657: Received PINGREQ from flask-subscriber
1773605657: Sending PINGRESP to flask-subscriber
1773605717: Received PINGREQ from flask-subscriber
1773605717: Sending PINGRESP to flask-subscriber
1773605778: Received PINGREQ from flask-subscriber
1773605778: Sending PINGRESP to flask-subscriber
1773605838: Received PINGREQ from flask-subscriber
1773605838: Sending PINGRESP to flask-subscriber
1773605899: Received PINGREQ from flask-subscriber
1773605899: Sending PINGRESP to flask-subscriber
1773605959: Received PINGREQ from flask-subscriber
1773605959: Sending PINGRESP to flask-subscriber
1773606019: Received PINGREQ from flask-subscriber
1773606019: Sending PINGRESP to flask-subscriber
1773606080: Received PINGREQ from flask-subscriber
1773606080: Sending PINGRESP to flask-subscriber
1773606140: Received PINGREQ from flask-subscriber
1773606140: Sending PINGRESP to flask-subscriber
1773606200: Received PINGREQ from flask-subscriber
1773606200: Sending PINGRESP to flask-subscriber
1773606261: Received PINGREQ from flask-subscriber
1773606261: Sending PINGRESP to flask-subscriber
1773606321: Received PINGREQ from flask-subscriber
1773606321: Sending PINGRESP to flask-subscriber
1773606381: Received PINGREQ from flask-subscriber
1773606381: Sending PINGRESP to flask-subscriber
1773606442: Received PINGREQ from flask-subscriber
1773606442: Sending PINGRESP to flask-subscriber
1773606502: Received PINGREQ from flask-subscriber
1773606502: Sending PINGRESP to flask-subscriber
1773606562: Received PINGREQ from flask-subscriber
1773606562: Sending PINGRESP to flask-subscriber
1773606623: Received PINGREQ from flask-subscriber
1773606623: Sending PINGRESP to flask-subscriber
1773606683: Received PINGREQ from flask-subscriber
1773606683: Sending PINGRESP to flask-subscriber
1773606743: Received PINGREQ from flask-subscriber
1773606743: Sending PINGRESP to flask-subscriber
1773606804: Received PINGREQ from flask-subscriber
1773606804: Sending PINGRESP to flask-subscriber
1773606864: Received PINGREQ from flask-subscriber
1773606864: Sending PINGRESP to flask-subscriber
1773606925: Received PINGREQ from flask-subscriber
1773606925: Sending PINGRESP to flask-subscriber
1773606985: Received PINGREQ from flask-subscriber
1773606985: Sending PINGRESP to flask-subscriber
1773607045: Received PINGREQ from flask-subscriber
1773607045: Sending PINGRESP to flask-subscriber
1773607106: Received PINGREQ from flask-subscriber
1773607106: Sending PINGRESP to flask-subscriber
1773607166: Received PINGREQ from flask-subscriber
1773607166: Sending PINGRESP to flask-subscriber
1773607226: Received PINGREQ from flask-subscriber
1773607226: Sending PINGRESP to flask-subscriber
1773607287: Received PINGREQ from flask-subscriber
1773607287: Sending PINGRESP to flask-subscriber
1773607347: Received PINGREQ from flask-subscriber
1773607347: Sending PINGRESP to flask-subscriber
1773607408: Received PINGREQ from flask-subscriber
1773607408: Sending PINGRESP to flask-subscriber
1773607468: Received PINGREQ from flask-subscriber
1773607468: Sending PINGRESP to flask-subscriber
1773607528: Received PINGREQ from flask-subscriber
1773607528: Sending PINGRESP to flask-subscriber
1773607589: Received PINGREQ from flask-subscriber
1773607589: Sending PINGRESP to flask-subscriber
1773607649: Received PINGREQ from flask-subscriber
1773607649: Sending PINGRESP to flask-subscriber
1773607709: Received PINGREQ from flask-subscriber
1773607709: Sending PINGRESP to flask-subscriber
1773607770: Received PINGREQ from flask-subscriber
1773607770: Sending PINGRESP to flask-subscriber
1773607830: Received PINGREQ from flask-subscriber
1773607830: Sending PINGRESP to flask-subscriber
1773607891: Received PINGREQ from flask-subscriber
1773607891: Sending PINGRESP to flask-subscriber
1773607951: Received PINGREQ from flask-subscriber
1773607951: Sending PINGRESP to flask-subscriber
1773608011: Received PINGREQ from flask-subscriber
1773608011: Sending PINGRESP to flask-subscriber
1773608072: Received PINGREQ from flask-subscriber
1773608072: Sending PINGRESP to flask-subscriber
1773608132: Received PINGREQ from flask-subscriber
1773608132: Sending PINGRESP to flask-subscriber
1773608192: Received PINGREQ from flask-subscriber
1773608192: Sending PINGRESP to flask-subscriber
1773608253: Received PINGREQ from flask-subscriber
1773608253: Sending PINGRESP to flask-subscriber
1773608313: Received PINGREQ from flask-subscriber
1773608313: Sending PINGRESP to flask-subscriber
1773608373: Received PINGREQ from flask-subscriber
1773608373: Sending PINGRESP to flask-subscriber
1773608434: Received PINGREQ from flask-subscriber
1773608434: Sending PINGRESP to flask-subscriber
1773608494: Received PINGREQ from flask-subscriber
1773608494: Sending PINGRESP to flask-subscriber
1773608555: Received PINGREQ from flask-subscriber
1773608555: Sending PINGRESP to flask-subscriber
1773608615: Received PINGREQ from flask-subscriber
1773608615: Sending PINGRESP to flask-subscriber
1773608675: Received PINGREQ from flask-subscriber
1773608675: Sending PINGRESP to flask-subscriber
1773608736: Received PINGREQ from flask-subscriber
1773608736: Sending PINGRESP to flask-subscriber
1773608796: Received PINGREQ from flask-subscriber
1773608796: Sending PINGRESP to flask-subscriber
1773608856: Received PINGREQ from flask-subscriber
1773608856: Sending PINGRESP to flask-subscriber
1773608917: Received PINGREQ from flask-subscriber
1773608917: Sending PINGRESP to flask-subscriber
1773608977: Received PINGREQ from flask-subscriber
1773608977: Sending PINGRESP to flask-subscriber
1773609037: Received PINGREQ from flask-subscriber
1773609037: Sending PINGRESP to flask-subscriber
1773609098: Received PINGREQ from flask-subscriber
1773609098: Sending PINGRESP to flask-subscriber
1773609158: Received PINGREQ from flask-subscriber
1773609158: Sending PINGRESP to flask-subscriber
1773609218: Received PINGREQ from flask-subscriber
1773609218: Sending PINGRESP to flask-subscriber
1773609279: Received PINGREQ from flask-subscriber
1773609279: Sending PINGRESP to flask-subscriber
1773609339: Received PINGREQ from flask-subscriber
1773609339: Sending PINGRESP to flask-subscriber
1773609399: Received PINGREQ from flask-subscriber
1773609399: Sending PINGRESP to flask-subscriber
1773609460: Received PINGREQ from flask-subscriber
1773609460: Sending PINGRESP to flask-subscriber
1773609520: Received PINGREQ from flask-subscriber
1773609520: Sending PINGRESP to flask-subscriber
1773609581: Received PINGREQ from flask-subscriber
1773609581: Sending PINGRESP to flask-subscriber
1773609641: Received PINGREQ from flask-subscriber
1773609641: Sending PINGRESP to flask-subscriber
1773609701: Received PINGREQ from flask-subscriber
1773609701: Sending PINGRESP to flask-subscriber
1773609762: Received PINGREQ from flask-subscriber
1773609762: Sending PINGRESP to flask-subscriber
1773609822: Received PINGREQ from flask-subscriber
1773609822: Sending PINGRESP to flask-subscriber
1773609882: Received PINGREQ from flask-subscriber
1773609882: Sending PINGRESP to flask-subscriber
1773609943: Received PINGREQ from flask-subscriber
1773609943: Sending PINGRESP to flask-subscriber
1773610003: Received PINGREQ from flask-subscriber
1773610003: Sending PINGRESP to flask-subscriber
1773610063: Received PINGREQ from flask-subscriber
1773610063: Sending PINGRESP to flask-subscriber
1773610124: Received PINGREQ from flask-subscriber
1773610124: Sending PINGRESP to flask-subscriber
1773610184: Received PINGREQ from flask-subscriber
1773610184: Sending PINGRESP to flask-subscriber
1773610244: Received PINGREQ from flask-subscriber
1773610244: Sending PINGRESP to flask-subscriber
1773610305: Received PINGREQ from flask-subscriber
1773610305: Sending PINGRESP to flask-subscriber
1773610365: Received PINGREQ from flask-subscriber
1773610365: Sending PINGRESP to flask-subscriber
1773610426: Received PINGREQ from flask-subscriber
1773610426: Sending PINGRESP to flask-subscriber
1773610486: Received PINGREQ from flask-subscriber
1773610486: Sending PINGRESP to flask-subscriber
1773610546: Received PINGREQ from flask-subscriber
1773610546: Sending PINGRESP to flask-subscriber
1773610607: Received PINGREQ from flask-subscriber
1773610607: Sending PINGRESP to flask-subscriber
1773610667: Received PINGREQ from flask-subscriber
1773610667: Sending PINGRESP to flask-subscriber
1773610728: Received PINGREQ from flask-subscriber
1773610728: Sending PINGRESP to flask-subscriber
1773610788: Received PINGREQ from flask-subscriber
1773610788: Sending PINGRESP to flask-subscriber
1773610848: Received PINGREQ from flask-subscriber
1773610848: Sending PINGRESP to flask-subscriber
1773610909: Received PINGREQ from flask-subscriber
1773610909: Sending PINGRESP to flask-subscriber
1773610969: Received PINGREQ from flask-subscriber
1773610969: Sending PINGRESP to flask-subscriber
1773611030: Received PINGREQ from flask-subscriber
1773611030: Sending PINGRESP to flask-subscriber
1773611090: Received PINGREQ from flask-subscriber
1773611090: Sending PINGRESP to flask-subscriber
1773611150: Received PINGREQ from flask-subscriber
1773611150: Sending PINGRESP to flask-subscriber
1773611211: Received PINGREQ from flask-subscriber
1773611211: Sending PINGRESP to flask-subscriber
1773611271: Received PINGREQ from flask-subscriber
1773611271: Sending PINGRESP to flask-subscriber
1773611332: Received PINGREQ from flask-subscriber
1773611332: Sending PINGRESP to flask-subscriber
1773611392: Received PINGREQ from flask-subscriber
1773611392: Sending PINGRESP to flask-subscriber
1773611452: Received PINGREQ from flask-subscriber
1773611452: Sending PINGRESP to flask-subscriber
1773611513: Received PINGREQ from flask-subscriber
1773611513: Sending PINGRESP to flask-subscriber
1773611573: Received PINGREQ from flask-subscriber
1773611573: Sending PINGRESP to flask-subscriber
1773611634: Received PINGREQ from flask-subscriber
1773611634: Sending PINGRESP to flask-subscriber
1773611694: Received PINGREQ from flask-subscriber
1773611694: Sending PINGRESP to flask-subscriber
1773611755: Received PINGREQ from flask-subscriber
1773611755: Sending PINGRESP to flask-subscriber
1773611815: Received PINGREQ from flask-subscriber
1773611815: Sending PINGRESP to flask-subscriber
1773611875: Received PINGREQ from flask-subscriber
1773611875: Sending PINGRESP to flask-subscriber
1773611936: Received PINGREQ from flask-subscriber
1773611936: Sending PINGRESP to flask-subscriber
1773611996: Received PINGREQ from flask-subscriber
1773611996: Sending PINGRESP to flask-subscriber
1773612057: Received PINGREQ from flask-subscriber
1773612057: Sending PINGRESP to flask-subscriber
1773612117: Received PINGREQ from flask-subscriber
1773612117: Sending PINGRESP to flask-subscriber
1773612177: Received PINGREQ from flask-subscriber
1773612177: Sending PINGRESP to flask-subscriber
1773612238: Received PINGREQ from flask-subscriber
1773612238: Sending PINGRESP to flask-subscriber
1773612298: Received PINGREQ from flask-subscriber
1773612298: Sending PINGRESP to flask-subscriber
1773612359: Received PINGREQ from flask-subscriber
1773612359: Sending PINGRESP to flask-subscriber
1773612419: Received PINGREQ from flask-subscriber
1773612419: Sending PINGRESP to flask-subscriber
1773612480: Received PINGREQ from flask-subscriber
1773612480: Sending PINGRESP to flask-subscriber
1773612540: Received PINGREQ from flask-subscriber
1773612540: Sending PINGRESP to flask-subscriber
1773612601: Received PINGREQ from flask-subscriber
1773612601: Sending PINGRESP to flask-subscriber
1773612661: Received PINGREQ from flask-subscriber
1773612661: Sending PINGRESP to flask-subscriber
1773612721: Received PINGREQ from flask-subscriber
1773612721: Sending PINGRESP to flask-subscriber
1773612782: Received PINGREQ from flask-subscriber
1773612782: Sending PINGRESP to flask-subscriber
1773612842: Received PINGREQ from flask-subscriber
1773612842: Sending PINGRESP to flask-subscriber
1773612903: Received PINGREQ from flask-subscriber
1773612903: Sending PINGRESP to flask-subscriber
1773612963: Received PINGREQ from flask-subscriber
1773612963: Sending PINGRESP to flask-subscriber
1773613024: Received PINGREQ from flask-subscriber
1773613024: Sending PINGRESP to flask-subscriber
1773613084: Received PINGREQ from flask-subscriber
1773613084: Sending PINGRESP to flask-subscriber
1773613144: Received PINGREQ from flask-subscriber
1773613144: Sending PINGRESP to flask-subscriber
1773613205: Received PINGREQ from flask-subscriber
1773613205: Sending PINGRESP to flask-subscriber
1773613265: Received PINGREQ from flask-subscriber
1773613265: Sending PINGRESP to flask-subscriber
1773613325: Received PINGREQ from flask-subscriber
1773613325: Sending PINGRESP to flask-subscriber
1773613386: Received PINGREQ from flask-subscriber
1773613386: Sending PINGRESP to flask-subscriber
1773613446: Received PINGREQ from flask-subscriber
1773613446: Sending PINGRESP to flask-subscriber
1773613506: Received PINGREQ from flask-subscriber
1773613506: Sending PINGRESP to flask-subscriber
1773613567: Received PINGREQ from flask-subscriber
1773613567: Sending PINGRESP to flask-subscriber
1773613627: Received PINGREQ from flask-subscriber
1773613627: Sending PINGRESP to flask-subscriber
1773613687: Received PINGREQ from flask-subscriber
1773613687: Sending PINGRESP to flask-subscriber
1773613748: Received PINGREQ from flask-subscriber
1773613748: Sending PINGRESP to flask-subscriber
1773613808: Received PINGREQ from flask-subscriber
1773613808: Sending PINGRESP to flask-subscriber
1773613868: Received PINGREQ from flask-subscriber
1773613868: Sending PINGRESP to flask-subscriber
1773613929: Received PINGREQ from flask-subscriber
1773613929: Sending PINGRESP to flask-subscriber
1773613989: Received PINGREQ from flask-subscriber
1773613989: Sending PINGRESP to flask-subscriber
1773614050: Received PINGREQ from flask-subscriber
1773614050: Sending PINGRESP to flask-subscriber
1773614110: Received PINGREQ from flask-subscriber
1773614110: Sending PINGRESP to flask-subscriber
1773614170: Received PINGREQ from flask-subscriber
1773614170: Sending PINGRESP to flask-subscriber
1773614231: Received PINGREQ from flask-subscriber
1773614231: Sending PINGRESP to flask-subscriber
1773614291: Received PINGREQ from flask-subscriber
1773614291: Sending PINGRESP to flask-subscriber
1773614351: Received PINGREQ from flask-subscriber
1773614351: Sending PINGRESP to flask-subscriber
1773614412: Received PINGREQ from flask-subscriber
1773614412: Sending PINGRESP to flask-subscriber
1773614472: Received PINGREQ from flask-subscriber
1773614472: Sending PINGRESP to flask-subscriber
1773614533: Received PINGREQ from flask-subscriber
1773614533: Sending PINGRESP to flask-subscriber
1773614593: Received PINGREQ from flask-subscriber
1773614593: Sending PINGRESP to flask-subscriber
1773614653: Received PINGREQ from flask-subscriber
1773614653: Sending PINGRESP to flask-subscriber
1773614714: Received PINGREQ from flask-subscriber
1773614714: Sending PINGRESP to flask-subscriber
1773614774: Received PINGREQ from flask-subscriber
1773614774: Sending PINGRESP to flask-subscriber
1773614834: Received PINGREQ from flask-subscriber
1773614834: Sending PINGRESP to flask-subscriber
1773614895: Received PINGREQ from flask-subscriber
1773614895: Sending PINGRESP to flask-subscriber
1773614955: Received PINGREQ from flask-subscriber
1773614955: Sending PINGRESP to flask-subscriber
1773615015: Received PINGREQ from flask-subscriber
1773615015: Sending PINGRESP to flask-subscriber
1773615076: Received PINGREQ from flask-subscriber
1773615076: Sending PINGRESP to flask-subscriber
1773615136: Received PINGREQ from flask-subscriber
1773615136: Sending PINGRESP to flask-subscriber
1773615196: Received PINGREQ from flask-subscriber
1773615196: Sending PINGRESP to flask-subscriber
1773615257: Received PINGREQ from flask-subscriber
1773615257: Sending PINGRESP to flask-subscriber
1773615317: Received PINGREQ from flask-subscriber
1773615317: Sending PINGRESP to flask-subscriber
1773615377: Received PINGREQ from flask-subscriber
1773615377: Sending PINGRESP to flask-subscriber
1773615438: Received PINGREQ from flask-subscriber
1773615438: Sending PINGRESP to flask-subscriber
1773615498: Received PINGREQ from flask-subscriber
1773615498: Sending PINGRESP to flask-subscriber
1773615559: Received PINGREQ from flask-subscriber
1773615559: Sending PINGRESP to flask-subscriber
1773615619: Received PINGREQ from flask-subscriber
1773615619: Sending PINGRESP to flask-subscriber
1773615679: Received PINGREQ from flask-subscriber
1773615679: Sending PINGRESP to flask-subscriber
1773615740: Received PINGREQ from flask-subscriber
1773615740: Sending PINGRESP to flask-subscriber
1773615800: Received PINGREQ from flask-subscriber
1773615800: Sending PINGRESP to flask-subscriber
1773615860: Received PINGREQ from flask-subscriber
1773615860: Sending PINGRESP to flask-subscriber
1773615921: Received PINGREQ from flask-subscriber
1773615921: Sending PINGRESP to flask-subscriber
1773615981: Received PINGREQ from flask-subscriber
1773615981: Sending PINGRESP to flask-subscriber
1773616041: Received PINGREQ from flask-subscriber
1773616041: Sending PINGRESP to flask-subscriber
1773616102: Received PINGREQ from flask-subscriber
1773616102: Sending PINGRESP to flask-subscriber
1773616162: Received PINGREQ from flask-subscriber
1773616162: Sending PINGRESP to flask-subscriber
1773616222: Received PINGREQ from flask-subscriber
1773616222: Sending PINGRESP to flask-subscriber
1773616283: Received PINGREQ from flask-subscriber
1773616283: Sending PINGRESP to flask-subscriber
1773616343: Received PINGREQ from flask-subscriber
1773616343: Sending PINGRESP to flask-subscriber
1773616403: Received PINGREQ from flask-subscriber
1773616403: Sending PINGRESP to flask-subscriber
1773616464: Received PINGREQ from flask-subscriber
1773616464: Sending PINGRESP to flask-subscriber
1773616524: Received PINGREQ from flask-subscriber
1773616524: Sending PINGRESP to flask-subscriber
1773616585: Received PINGREQ from flask-subscriber
1773616585: Sending PINGRESP to flask-subscriber
1773616645: Received PINGREQ from flask-subscriber
1773616645: Sending PINGRESP to flask-subscriber
1773616705: Received PINGREQ from flask-subscriber
1773616705: Sending PINGRESP to flask-subscriber
1773616766: Received PINGREQ from flask-subscriber
1773616766: Sending PINGRESP to flask-subscriber
1773616826: Received PINGREQ from flask-subscriber
1773616826: Sending PINGRESP to flask-subscriber
1773616886: Received PINGREQ from flask-subscriber
1773616886: Sending PINGRESP to flask-subscriber
1773616947: Received PINGREQ from flask-subscriber
1773616947: Sending PINGRESP to flask-subscriber
1773617007: Received PINGREQ from flask-subscriber
1773617007: Sending PINGRESP to flask-subscriber
1773617067: Received PINGREQ from flask-subscriber
1773617067: Sending PINGRESP to flask-subscriber
1773617128: Received PINGREQ from flask-subscriber
1773617128: Sending PINGRESP to flask-subscriber
1773617188: Received PINGREQ from flask-subscriber
1773617188: Sending PINGRESP to flask-subscriber
1773617249: Received PINGREQ from flask-subscriber
1773617249: Sending PINGRESP to flask-subscriber
1773617309: Received PINGREQ from flask-subscriber
1773617309: Sending PINGRESP to flask-subscriber
1773617369: Received PINGREQ from flask-subscriber
1773617369: Sending PINGRESP to flask-subscriber
1773617430: Received PINGREQ from flask-subscriber
1773617430: Sending PINGRESP to flask-subscriber
1773617490: Received PINGREQ from flask-subscriber
1773617490: Sending PINGRESP to flask-subscriber
1773617550: Received PINGREQ from flask-subscriber
1773617550: Sending PINGRESP to flask-subscriber
1773617611: Received PINGREQ from flask-subscriber
1773617611: Sending PINGRESP to flask-subscriber
1773617671: Received PINGREQ from flask-subscriber
1773617671: Sending PINGRESP to flask-subscriber
1773617731: Received PINGREQ from flask-subscriber
1773617731: Sending PINGRESP to flask-subscriber
1773617792: Received PINGREQ from flask-subscriber
1773617792: Sending PINGRESP to flask-subscriber
1773617852: Received PINGREQ from flask-subscriber
1773617852: Sending PINGRESP to flask-subscriber
1773617912: Received PINGREQ from flask-subscriber
1773617912: Sending PINGRESP to flask-subscriber
1773617973: Received PINGREQ from flask-subscriber
1773617973: Sending PINGRESP to flask-subscriber
1773618033: Received PINGREQ from flask-subscriber
1773618033: Sending PINGRESP to flask-subscriber
1773618094: Received PINGREQ from flask-subscriber
1773618094: Sending PINGRESP to flask-subscriber
1773618154: Received PINGREQ from flask-subscriber
1773618154: Sending PINGRESP to flask-subscriber
1773618214: Received PINGREQ from flask-subscriber
1773618214: Sending PINGRESP to flask-subscriber
1773618275: Received PINGREQ from flask-subscriber
1773618275: Sending PINGRESP to flask-subscriber
1773618335: Received PINGREQ from flask-subscriber
1773618335: Sending PINGRESP to flask-subscriber
1773618396: Received PINGREQ from flask-subscriber
1773618396: Sending PINGRESP to flask-subscriber
1773618456: Received PINGREQ from flask-subscriber
1773618456: Sending PINGRESP to flask-subscriber
1773618516: Received PINGREQ from flask-subscriber
1773618516: Sending PINGRESP to flask-subscriber
1773618577: Received PINGREQ from flask-subscriber
1773618577: Sending PINGRESP to flask-subscriber
1773618637: Received PINGREQ from flask-subscriber
1773618637: Sending PINGRESP to flask-subscriber
1773618698: Received PINGREQ from flask-subscriber
1773618698: Sending PINGRESP to flask-subscriber
1773618758: Received PINGREQ from flask-subscriber
1773618758: Sending PINGRESP to flask-subscriber
1773618819: Received PINGREQ from flask-subscriber
1773618819: Sending PINGRESP to flask-subscriber
1773618879: Received PINGREQ from flask-subscriber
1773618879: Sending PINGRESP to flask-subscriber
1773618939: Received PINGREQ from flask-subscriber
1773618939: Sending PINGRESP to flask-subscriber
1773619000: Received PINGREQ from flask-subscriber
1773619000: Sending PINGRESP to flask-subscriber
1773619060: Received PINGREQ from flask-subscriber
1773619060: Sending PINGRESP to flask-subscriber
1773619120: Received PINGREQ from flask-subscriber
1773619120: Sending PINGRESP to flask-subscriber
1773619181: Received PINGREQ from flask-subscriber
1773619181: Sending PINGRESP to flask-subscriber
1773619241: Received PINGREQ from flask-subscriber
1773619241: Sending PINGRESP to flask-subscriber
1773619301: Received PINGREQ from flask-subscriber
1773619301: Sending PINGRESP to flask-subscriber
1773619362: Received PINGREQ from flask-subscriber
1773619362: Sending PINGRESP to flask-subscriber
1773619422: Received PINGREQ from flask-subscriber
1773619422: Sending PINGRESP to flask-subscriber
1773619482: Received PINGREQ from flask-subscriber
1773619482: Sending PINGRESP to flask-subscriber
1773619543: Received PINGREQ from flask-subscriber
1773619543: Sending PINGRESP to flask-subscriber
1773619603: Received PINGREQ from flask-subscriber
1773619603: Sending PINGRESP to flask-subscriber
1773619663: Received PINGREQ from flask-subscriber
1773619663: Sending PINGRESP to flask-subscriber
1773619724: Received PINGREQ from flask-subscriber
1773619724: Sending PINGRESP to flask-subscriber
1773619784: Received PINGREQ from flask-subscriber
1773619784: Sending PINGRESP to flask-subscriber
1773619844: Received PINGREQ from flask-subscriber
1773619844: Sending PINGRESP to flask-subscriber
1773619904: Received PINGREQ from flask-subscriber
1773619904: Sending PINGRESP to flask-subscriber
1773619965: Received PINGREQ from flask-subscriber
1773619965: Sending PINGRESP to flask-subscriber
1773620025: Received PINGREQ from flask-subscriber
1773620025: Sending PINGRESP to flask-subscriber
1773620085: Received PINGREQ from flask-subscriber
1773620085: Sending PINGRESP to flask-subscriber
1773620146: Received PINGREQ from flask-subscriber
1773620146: Sending PINGRESP to flask-subscriber
1773620206: Received PINGREQ from flask-subscriber
1773620206: Sending PINGRESP to flask-subscriber
1773620267: Received PINGREQ from flask-subscriber
1773620267: Sending PINGRESP to flask-subscriber
1773620327: Received PINGREQ from flask-subscriber
1773620327: Sending PINGRESP to flask-subscriber
1773620387: Received PINGREQ from flask-subscriber
1773620387: Sending PINGRESP to flask-subscriber
1773620447: Received PINGREQ from flask-subscriber
1773620447: Sending PINGRESP to flask-subscriber
1773620508: Received PINGREQ from flask-subscriber
1773620508: Sending PINGRESP to flask-subscriber
1773620568: Received PINGREQ from flask-subscriber
1773620568: Sending PINGRESP to flask-subscriber
1773620628: Received PINGREQ from flask-subscriber
1773620628: Sending PINGRESP to flask-subscriber
1773620688: Received PINGREQ from flask-subscriber
1773620688: Sending PINGRESP to flask-subscriber
1773620749: Received PINGREQ from flask-subscriber
1773620749: Sending PINGRESP to flask-subscriber
1773620809: Received PINGREQ from flask-subscriber
1773620809: Sending PINGRESP to flask-subscriber
1773620870: Received PINGREQ from flask-subscriber
1773620870: Sending PINGRESP to flask-subscriber
1773620930: Received PINGREQ from flask-subscriber
1773620930: Sending PINGRESP to flask-subscriber
1773620990: Received PINGREQ from flask-subscriber
1773620990: Sending PINGRESP to flask-subscriber
1773621051: Received PINGREQ from flask-subscriber
1773621051: Sending PINGRESP to flask-subscriber
1773621111: Received PINGREQ from flask-subscriber
1773621111: Sending PINGRESP to flask-subscriber
1773621171: Received PINGREQ from flask-subscriber
1773621171: Sending PINGRESP to flask-subscriber
1773621232: Received PINGREQ from flask-subscriber
1773621232: Sending PINGRESP to flask-subscriber
1773621292: Received PINGREQ from flask-subscriber
1773621292: Sending PINGRESP to flask-subscriber
1773621352: Received PINGREQ from flask-subscriber
1773621352: Sending PINGRESP to flask-subscriber
1773621413: Received PINGREQ from flask-subscriber
1773621413: Sending PINGRESP to flask-subscriber
1773621473: Received PINGREQ from flask-subscriber
1773621473: Sending PINGRESP to flask-subscriber
1773621533: Received PINGREQ from flask-subscriber
1773621533: Sending PINGRESP to flask-subscriber
1773621594: Received PINGREQ from flask-subscriber
1773621594: Sending PINGRESP to flask-subscriber
1773621654: Received PINGREQ from flask-subscriber
1773621654: Sending PINGRESP to flask-subscriber
1773621715: Received PINGREQ from flask-subscriber
1773621715: Sending PINGRESP to flask-subscriber
1773621775: Received PINGREQ from flask-subscriber
1773621775: Sending PINGRESP to flask-subscriber
1773621835: Received PINGREQ from flask-subscriber
1773621835: Sending PINGRESP to flask-subscriber
1773621896: Received PINGREQ from flask-subscriber
1773621896: Sending PINGRESP to flask-subscriber
1773621956: Received PINGREQ from flask-subscriber
1773621956: Sending PINGRESP to flask-subscriber
1773622016: Received PINGREQ from flask-subscriber
1773622016: Sending PINGRESP to flask-subscriber
1773622077: Received PINGREQ from flask-subscriber
1773622077: Sending PINGRESP to flask-subscriber
1773622137: Received PINGREQ from flask-subscriber
1773622137: Sending PINGRESP to flask-subscriber
1773622198: Received PINGREQ from flask-subscriber
1773622198: Sending PINGRESP to flask-subscriber
1773622258: Received PINGREQ from flask-subscriber
1773622258: Sending PINGRESP to flask-subscriber
1773622318: Received PINGREQ from flask-subscriber
1773622318: Sending PINGRESP to flask-subscriber
1773622379: Received PINGREQ from flask-subscriber
1773622379: Sending PINGRESP to flask-subscriber
1773622439: Received PINGREQ from flask-subscriber
1773622439: Sending PINGRESP to flask-subscriber
1773622499: Received PINGREQ from flask-subscriber
1773622499: Sending PINGRESP to flask-subscriber
1773622560: Received PINGREQ from flask-subscriber
1773622560: Sending PINGRESP to flask-subscriber
1773622620: Received PINGREQ from flask-subscriber
1773622620: Sending PINGRESP to flask-subscriber
1773622680: Received PINGREQ from flask-subscriber
1773622680: Sending PINGRESP to flask-subscriber
1773622741: Received PINGREQ from flask-subscriber
1773622741: Sending PINGRESP to flask-subscriber
1773622801: Received PINGREQ from flask-subscriber
1773622801: Sending PINGRESP to flask-subscriber
1773622861: Received PINGREQ from flask-subscriber
1773622861: Sending PINGRESP to flask-subscriber
1773622922: Received PINGREQ from flask-subscriber
1773622922: Sending PINGRESP to flask-subscriber
1773622982: Received PINGREQ from flask-subscriber
1773622982: Sending PINGRESP to flask-subscriber
1773623043: Received PINGREQ from flask-subscriber
1773623043: Sending PINGRESP to flask-subscriber
1773623103: Received PINGREQ from flask-subscriber
1773623103: Sending PINGRESP to flask-subscriber
1773623163: Received PINGREQ from flask-subscriber
1773623163: Sending PINGRESP to flask-subscriber
1773623224: Received PINGREQ from flask-subscriber
1773623224: Sending PINGRESP to flask-subscriber
1773623284: Received PINGREQ from flask-subscriber
1773623284: Sending PINGRESP to flask-subscriber
1773623344: Received PINGREQ from flask-subscriber
1773623344: Sending PINGRESP to flask-subscriber
1773623405: Received PINGREQ from flask-subscriber
1773623405: Sending PINGRESP to flask-subscriber
1773623465: Received PINGREQ from flask-subscriber
1773623465: Sending PINGRESP to flask-subscriber
1773623525: Received PINGREQ from flask-subscriber
1773623525: Sending PINGRESP to flask-subscriber
1773623586: Received PINGREQ from flask-subscriber
1773623586: Sending PINGRESP to flask-subscriber
1773623646: Received PINGREQ from flask-subscriber
1773623646: Sending PINGRESP to flask-subscriber
1773623707: Received PINGREQ from flask-subscriber
1773623707: Sending PINGRESP to flask-subscriber
1773623767: Received PINGREQ from flask-subscriber
1773623767: Sending PINGRESP to flask-subscriber
1773623827: Received PINGREQ from flask-subscriber
1773623827: Sending PINGRESP to flask-subscriber
1773623888: Received PINGREQ from flask-subscriber
1773623888: Sending PINGRESP to flask-subscriber
1773623948: Received PINGREQ from flask-subscriber
1773623948: Sending PINGRESP to flask-subscriber
1773624009: Received PINGREQ from flask-subscriber
1773624009: Sending PINGRESP to flask-subscriber
1773624069: Received PINGREQ from flask-subscriber
1773624069: Sending PINGRESP to flask-subscriber
1773624129: Received PINGREQ from flask-subscriber
1773624129: Sending PINGRESP to flask-subscriber
1773624190: Received PINGREQ from flask-subscriber
1773624190: Sending PINGRESP to flask-subscriber
1773624250: Received PINGREQ from flask-subscriber
1773624250: Sending PINGRESP to flask-subscriber
1773624310: Received PINGREQ from flask-subscriber
1773624310: Sending PINGRESP to flask-subscriber
1773624371: Received PINGREQ from flask-subscriber
1773624371: Sending PINGRESP to flask-subscriber
1773624431: Received PINGREQ from flask-subscriber
1773624431: Sending PINGRESP to flask-subscriber
1773624491: Received PINGREQ from flask-subscriber
1773624491: Sending PINGRESP to flask-subscriber
1773624552: Received PINGREQ from flask-subscriber
1773624552: Sending PINGRESP to flask-subscriber
1773624612: Received PINGREQ from flask-subscriber
1773624612: Sending PINGRESP to flask-subscriber
1773624672: Received PINGREQ from flask-subscriber
1773624672: Sending PINGRESP to flask-subscriber
1773624733: Received PINGREQ from flask-subscriber
1773624733: Sending PINGRESP to flask-subscriber
1773624793: Received PINGREQ from flask-subscriber
1773624793: Sending PINGRESP to flask-subscriber
1773624854: Received PINGREQ from flask-subscriber
1773624854: Sending PINGRESP to flask-subscriber
1773624914: Received PINGREQ from flask-subscriber
1773624914: Sending PINGRESP to flask-subscriber
1773624974: Received PINGREQ from flask-subscriber
1773624974: Sending PINGRESP to flask-subscriber
1773625035: Received PINGREQ from flask-subscriber
1773625035: Sending PINGRESP to flask-subscriber
1773625095: Received PINGREQ from flask-subscriber
1773625095: Sending PINGRESP to flask-subscriber
1773625155: Received PINGREQ from flask-subscriber
1773625155: Sending PINGRESP to flask-subscriber
1773625216: Received PINGREQ from flask-subscriber
1773625216: Sending PINGRESP to flask-subscriber
1773625276: Received PINGREQ from flask-subscriber
1773625276: Sending PINGRESP to flask-subscriber
1773625337: Received PINGREQ from flask-subscriber
1773625337: Sending PINGRESP to flask-subscriber
1773625397: Received PINGREQ from flask-subscriber
1773625397: Sending PINGRESP to flask-subscriber
1773625457: Received PINGREQ from flask-subscriber
1773625457: Sending PINGRESP to flask-subscriber
1773625518: Received PINGREQ from flask-subscriber
1773625518: Sending PINGRESP to flask-subscriber
1773625578: Received PINGREQ from flask-subscriber
1773625578: Sending PINGRESP to flask-subscriber
1773625639: Received PINGREQ from flask-subscriber
1773625639: Sending PINGRESP to flask-subscriber
1773625685: mosquitto version 2.0.22 starting
1773625685: Config loaded from c:/Users/guilh/Desktop/vaccine-transport-iot/source/broker/mosquitto-tls.conf.
1773625685: Opening ipv6 listen socket on port 8883.
1773625685: Opening ipv4 listen socket on port 8883.
1773625685: mosquitto version 2.0.22 running
1773625686: New connection from 127.0.0.1:59286 on port 8883.
1773625686: OpenSSL Error[0]: error:0A000418:SSL routines::tlsv1 alert unknown ca
1773625686: Client <unknown> disconnected: protocol error.
1773625688: New connection from 127.0.0.1:59288 on port 8883.
1773625688: OpenSSL Error[0]: error:0A000418:SSL routines::tlsv1 alert unknown ca
1773625688: Client <unknown> disconnected: protocol error.
1773625692: New connection from 127.0.0.1:59289 on port 8883.
1773625692: OpenSSL Error[0]: error:0A000418:SSL routines::tlsv1 alert unknown ca
1773625692: Client <unknown> disconnected: protocol error.
1773625700: New connection from 127.0.0.1:59290 on port 8883.
1773625700: OpenSSL Error[0]: error:0A000418:SSL routines::tlsv1 alert unknown ca
1773625700: Client <unknown> disconnected: protocol error.
1773625716: New connection from 127.0.0.1:59295 on port 8883.
1773625716: OpenSSL Error[0]: error:0A000418:SSL routines::tlsv1 alert unknown ca
1773625716: Client <unknown> disconnected: protocol error.
1773625748: New connection from 127.0.0.1:57605 on port 8883.
1773625748: OpenSSL Error[0]: error:0A000418:SSL routines::tlsv1 alert unknown ca
1773625748: Client <unknown> disconnected: protocol error.
1773625812: New connection from 127.0.0.1:58003 on port 8883.
1773625812: OpenSSL Error[0]: error:0A000418:SSL routines::tlsv1 alert unknown ca
1773625812: Client <unknown> disconnected: protocol error.
1773625874: New connection from 10.0.0.133:60102 on port 8883.
1773625875: New client connected from 10.0.0.133:60102 as IOT-GPS-004 (p2, c1, k15, u'esp32-device').
1773625875: No will message specified.
1773625875: Sending CONNACK to IOT-GPS-004 (0, 0)
1773625890: Received PINGREQ from IOT-GPS-004
1773625890: Sending PINGRESP to IOT-GPS-004
1773625901: Received PUBLISH from IOT-GPS-004 (d0, q0, r0, m0, 'vaccines/heartbeat', ... (80 bytes))
1773625905: Received PINGREQ from IOT-GPS-004
1773625905: Sending PINGRESP to IOT-GPS-004
1773625920: Received PINGREQ from IOT-GPS-004
1773625920: Sending PINGRESP to IOT-GPS-004
1773625931: Received PUBLISH from IOT-GPS-004 (d0, q0, r0, m0, 'vaccines/heartbeat', ... (80 bytes))
1773625932: New connection from 127.0.0.1:49180 on port 8883.
1773625932: OpenSSL Error[0]: error:0A000418:SSL routines::tlsv1 alert unknown ca
1773625932: Client <unknown> disconnected: protocol error.
1773625935: Received PINGREQ from IOT-GPS-004
1773625935: Sending PINGRESP to IOT-GPS-004
1773625950: Received PINGREQ from IOT-GPS-004
1773625950: Sending PINGRESP to IOT-GPS-004
